  Compiling CUDA source file kernel.cu...
  
  E:\CUDA_Projects\Vikhirev AI\Lab2_Vikhirev>"C:\Program Files\NVIDIA GPU Computing Toolkit\CUDA\v11.4\bin\nvcc.exe" -gencode=arch=compute_52,code=\"sm_52,compute_52\" --use-local-env -ccbin "E:\Microsoft Visual Studio\VC\Tools\MSVC\14.29.30133\bin\HostX86\x64" -x cu   -I"C:\Program Files\NVIDIA GPU Computing Toolkit\CUDA\v11.4\include" -I"C:\Program Files\NVIDIA GPU Computing Toolkit\CUDA\v11.4\include"  -G   --keep-dir x64\Debug  -maxrregcount=0  --machine 64 --compile -cudart static  -g  -DWIN32 -DWIN64 -D_DEBUG -D_CONSOLE -D_MBCS -Xcompiler "/EHsc /W3 /nologo /Od /Fdx64\Debug\vc142.pdb /FS /Zi /RTC1 /MDd " -o x64\Debug\kernel.cu.obj "E:\CUDA_Projects\Vikhirev AI\Lab2_Vikhirev\kernel.cu" 
  device_functions.h is an internal header file and must not be used directly.  This file will be removed in a future CUDA release.  Please use cuda_runtime_api.h or cuda_runtime.h instead.
e:\cuda_projects\vikhirev ai\lab2_vikhirev\kernel.cu(65): warning : function "tex1Dfetch(texture<T, 1, cudaReadModeElementType>, int) [with T=int]"
  C:\Program Files\NVIDIA GPU Computing Toolkit\CUDA\v11.4\include\texture_fetch_functions.h(132): here was declared deprecated
  
e:\cuda_projects\vikhirev ai\lab2_vikhirev\kernel.cu(66): warning : function "tex1Dfetch(texture<T, 1, cudaReadModeElementType>, int) [with T=int]"
  C:\Program Files\NVIDIA GPU Computing Toolkit\CUDA\v11.4\include\texture_fetch_functions.h(132): here was declared deprecated
  
e:\cuda_projects\vikhirev ai\lab2_vikhirev\kernel.cu(85): warning : function "tex1Dfetch(texture<T, 1, cudaReadModeElementType>, int) [with T=int]"
  C:\Program Files\NVIDIA GPU Computing Toolkit\CUDA\v11.4\include\texture_fetch_functions.h(132): here was declared deprecated
  
e:\cuda_projects\vikhirev ai\lab2_vikhirev\kernel.cu(100): warning : function "tex1Dfetch(texture<T, 1, cudaReadModeElementType>, int) [with T=int]"
  C:\Program Files\NVIDIA GPU Computing Toolkit\CUDA\v11.4\include\texture_fetch_functions.h(132): here was declared deprecated
  
e:\cuda_projects\vikhirev ai\lab2_vikhirev\kernel.cu(105): warning : function "tex1Dfetch(texture<T, 1, cudaReadModeElementType>, int) [with T=int]"
  C:\Program Files\NVIDIA GPU Computing Toolkit\CUDA\v11.4\include\texture_fetch_functions.h(132): here was declared deprecated
  
  kernel.cu
  device_functions.h is an internal header file and must not be used directly.  This file will be removed in a future CUDA release.  Please use cuda_runtime_api.h or cuda_runtime.h instead.
e:\cuda_projects\vikhirev ai\lab2_vikhirev\kernel.cu(160): warning C4244: return: преобразование "float" в "int", возможна потеря данных
e:\cuda_projects\vikhirev ai\lab2_vikhirev\kernel.cu(130): warning C4996: 'cudaBindTexture': объявлен deprecate
e:\cuda_projects\vikhirev ai\lab2_vikhirev\kernel.cu(273): warning C4244: аргумент: преобразование "time_t" в "unsigned int", возможна потеря данных
C:\Program Files\NVIDIA GPU Computing Toolkit\CUDA\v11.4\include\cuda_runtime.h(1406): warning C4996: 'cudaBindTexture': объявлен deprecate
  e:\cuda_projects\vikhirev ai\lab2_vikhirev\kernel.cu(130): note: выполняется компиляция ссылки на экземпляр шаблон функции "cudaError_t cudaBindTexture<int,1,cudaReadModeElementType>(size_t *,const texture<int,1,cudaReadModeElementType> &,const void *,const cudaChannelFormatDesc &,size_t)"
  Lab2_Vikhirev.vcxproj -> E:\CUDA_Projects\Vikhirev AI\Lab2_Vikhirev\x64\Debug\Lab2_Vikhirev.exe
